<?xml version="1.0" encoding="utf-8"?>
<coverage line-rate="0.89" branch-rate="0.6396999999999999" version="1.9" timestamp="1673867801" lines-covered="170" lines-valid="191" branches-covered="87" branches-valid="136">
  <sources>
    <source>C:\Users\Michael.mao\Desktop\lab\butters.extensions.string\Butters.Extensions.String\</source>
  </sources>
  <packages>
    <package name="Butters.Extensions.String" line-rate="0.89" branch-rate="0.6396999999999999" complexity="149">
      <classes>
        <class name="System.Text.RegularExpressions.Generated.&lt;RegexGenerator_g&gt;F74B1AE921BCEFE4BA601AA541C7A23B1CA9711EA81E8FE504B5B6446748E035A__RegexToCamelCaseUpper_0" filename="System.Text.RegularExpressions.Generator\System.Text.RegularExpressions.Generator.RegexGenerator\RegexGenerator.g.cs" line-rate="1" branch-rate="1" complexity="2">
          <methods>
            <method name=".ctor" signature="()" line-rate="1" branch-rate="1" complexity="1">
              <lines>
                <line number="52" hits="1" branch="False" />
                <line number="54" hits="1" branch="False" />
                <line number="55" hits="1" branch="False" />
                <line number="56" hits="1" branch="False" />
                <line number="57" hits="1" branch="False" />
                <line number="58" hits="1" branch="False" />
                <line number="59" hits="1" branch="False" />
                <line number="60" hits="1" branch="False" />
              </lines>
            </method>
            <method name=".cctor" signature="()" line-rate="1" branch-rate="1" complexity="1">
              <lines>
                <line number="49" hits="1" branch="False" />
              </lines>
            </method>
          </methods>
          <lines>
            <line number="52" hits="1" branch="False" />
            <line number="54" hits="1" branch="False" />
            <line number="55" hits="1" branch="False" />
            <line number="56" hits="1" branch="False" />
            <line number="57" hits="1" branch="False" />
            <line number="58" hits="1" branch="False" />
            <line number="59" hits="1" branch="False" />
            <line number="60" hits="1" branch="False" />
            <line number="49" hits="1" branch="False" />
          </lines>
        </class>
        <class name="System.Text.RegularExpressions.Generated.&lt;RegexGenerator_g&gt;F74B1AE921BCEFE4BA601AA541C7A23B1CA9711EA81E8FE504B5B6446748E035A__RegexToCamelCaseUpper_0/RunnerFactory" filename="System.Text.RegularExpressions.Generator\System.Text.RegularExpressions.Generator.RegexGenerator\RegexGenerator.g.cs" line-rate="1" branch-rate="1" complexity="1">
          <methods>
            <method name="CreateInstance" signature="()" line-rate="1" branch-rate="1" complexity="1">
              <lines>
                <line number="66" hits="1" branch="False" />
              </lines>
            </method>
          </methods>
          <lines>
            <line number="66" hits="1" branch="False" />
          </lines>
        </class>
        <class name="System.Text.RegularExpressions.Generated.&lt;RegexGenerator_g&gt;F74B1AE921BCEFE4BA601AA541C7A23B1CA9711EA81E8FE504B5B6446748E035A__RegexToCamelCaseUpper_0/RunnerFactory/Runner" filename="System.Text.RegularExpressions.Generator\System.Text.RegularExpressions.Generator.RegexGenerator\RegexGenerator.g.cs" line-rate="0.8817" branch-rate="0.7757999999999999" complexity="58">
          <methods>
            <method name="Scan" signature="(System.ReadOnlySpan`1&lt;System.Char&gt;)" line-rate="0.5714" branch-rate="0.625" complexity="8">
              <lines>
                <line number="76" hits="18" branch="True" condition-coverage="66.66% (4/6)">
                  <conditions>
                    <condition number="60" type="jump" coverage="50%" />
                    <condition number="36" type="jump" coverage="100%" />
                    <condition number="45" type="jump" coverage="50%" />
                  </conditions>
                </line>
                <line number="77" hits="18" branch="False" />
                <line number="78" hits="18" branch="False" />
                <line number="80" hits="0" branch="False" />
                <line number="81" hits="0" branch="True" condition-coverage="50% (1/2)">
                  <conditions>
                    <condition number="21" type="jump" coverage="50%" />
                  </conditions>
                </line>
                <line number="83" hits="0" branch="False" />
                <line number="86" hits="18" branch="False" />
              </lines>
            </method>
            <method name="TryFindNextPossibleStartingPosition" signature="(System.ReadOnlySpan`1&lt;System.Char&gt;)" line-rate="1" branch-rate="0.75" complexity="8">
              <lines>
                <line number="93" hits="18" branch="False" />
                <line number="96" hits="18" branch="True" condition-coverage="100% (2/2)">
                  <conditions>
                    <condition number="17" type="jump" coverage="100%" />
                  </conditions>
                </line>
                <line number="100" hits="9" branch="False" />
                <line number="101" hits="18" branch="True" condition-coverage="100% (2/2)">
                  <conditions>
                    <condition number="91" type="jump" coverage="100%" />
                  </conditions>
                </line>
                <line number="103" hits="9" branch="True" condition-coverage="50% (2/4)">
                  <conditions>
                    <condition number="46" type="jump" coverage="50%" />
                    <condition number="64" type="jump" coverage="50%" />
                  </conditions>
                </line>
                <line number="104" hits="9" branch="False" />
                <line number="106" hits="9" branch="False" />
                <line number="107" hits="9" branch="False" />
                <line number="113" hits="9" branch="False" />
                <line number="114" hits="9" branch="False" />
              </lines>
            </method>
            <method name="TryMatchAtCurrentPosition" signature="(System.ReadOnlySpan`1&lt;System.Char&gt;)" line-rate="0.8904000000000001" branch-rate="0.8" complexity="40">
              <lines>
                <line number="122" hits="9" branch="False" />
                <line number="123" hits="9" branch="False" />
                <line number="125" hits="9" branch="False" />
                <line number="126" hits="9" branch="False" />
                <line number="127" hits="9" branch="False" />
                <line number="128" hits="9" branch="False" />
                <line number="129" hits="9" branch="False" />
                <line number="130" hits="9" branch="False" />
                <line number="131" hits="9" branch="False" />
                <line number="132" hits="18" branch="False" />
                <line number="133" hits="9" branch="False" />
                <line number="137" hits="9" branch="False" />
                <line number="140" hits="9" branch="True" condition-coverage="50% (2/4)">
                  <conditions>
                    <condition number="55" type="jump" coverage="50%" />
                    <condition number="71" type="jump" coverage="50%" />
                  </conditions>
                </line>
                <line number="142" hits="0" branch="False" />
                <line number="143" hits="0" branch="False" />
                <line number="146" hits="9" branch="False" />
                <line number="147" hits="9" branch="False" />
                <line number="148" hits="9" branch="False" />
                <line number="153" hits="9" branch="False" />
                <line number="157" hits="9" branch="False" />
                <line number="158" hits="9" branch="False" />
                <line number="164" hits="9" branch="False" />
                <line number="166" hits="9" branch="False" />
                <line number="167" hits="19" branch="True" condition-coverage="100% (4/4)">
                  <conditions>
                    <condition number="160" type="jump" coverage="100%" />
                    <condition number="143" type="jump" coverage="100%" />
                  </conditions>
                </line>
                <line number="169" hits="10" branch="False" />
                <line number="172" hits="9" branch="True" condition-coverage="100% (2/2)">
                  <conditions>
                    <condition number="164" type="jump" coverage="100%" />
                  </conditions>
                </line>
                <line number="177" hits="3" branch="False" />
                <line number="178" hits="3" branch="False" />
                <line number="180" hits="3" branch="False" />
                <line number="181" hits="3" branch="False" />
                <line number="182" hits="3" branch="False" />
                <line number="185" hits="3" branch="False" />
                <line number="187" hits="3" branch="True" condition-coverage="50% (1/2)">
                  <conditions>
                    <condition number="206" type="jump" coverage="50%" />
                  </conditions>
                </line>
                <line number="189" hits="0" branch="False" />
                <line number="192" hits="3" branch="True" condition-coverage="100% (2/2)">
                  <conditions>
                    <condition number="218" type="jump" coverage="100%" />
                  </conditions>
                </line>
                <line number="196" hits="3" branch="False" />
                <line number="197" hits="3" branch="False" />
                <line number="200" hits="6" branch="False" />
                <line number="203" hits="6" branch="False" />
                <line number="204" hits="6" branch="False" />
                <line number="207" hits="6" branch="False" />
                <line number="208" hits="6" branch="False" />
                <line number="209" hits="6" branch="False" />
                <line number="216" hits="6" branch="False" />
                <line number="217" hits="42" branch="True" condition-coverage="100% (4/4)">
                  <conditions>
                    <condition number="330" type="jump" coverage="100%" />
                    <condition number="294" type="jump" coverage="100%" />
                  </conditions>
                </line>
                <line number="219" hits="36" branch="False" />
                <line number="222" hits="6" branch="True" condition-coverage="50% (1/2)">
                  <conditions>
                    <condition number="334" type="jump" coverage="50%" />
                  </conditions>
                </line>
                <line number="224" hits="0" branch="False" />
                <line number="225" hits="0" branch="False" />
                <line number="228" hits="6" branch="False" />
                <line number="229" hits="6" branch="False" />
                <line number="232" hits="6" branch="False" />
                <line number="233" hits="6" branch="False" />
                <line number="237" hits="3" branch="True" condition-coverage="50% (1/2)">
                  <conditions>
                    <condition number="370" type="jump" coverage="50%" />
                  </conditions>
                </line>
                <line number="239" hits="0" branch="True" condition-coverage="50% (2/4)">
                  <conditions>
                    <condition number="379" type="jump" coverage="50%" />
                    <condition number="386" type="jump" coverage="50%" />
                  </conditions>
                </line>
                <line number="247" hits="0" branch="False" />
                <line number="248" hits="0" branch="False" />
                <line number="254" hits="12" branch="False" />
                <line number="266" hits="12" branch="False" />
                <line number="270" hits="12" branch="False" />
                <line number="275" hits="12" branch="True" condition-coverage="83.33% (5/6)">
                  <conditions>
                    <condition number="423" type="jump" coverage="100%" />
                    <condition number="433" type="jump" coverage="50%" />
                    <condition number="446" type="jump" coverage="100%" />
                  </conditions>
                </line>
                <line number="283" hits="7" branch="False" />
                <line number="284" hits="7" branch="False" />
                <line number="290" hits="7" branch="True" condition-coverage="100% (4/4)">
                  <conditions>
                    <condition number="468" type="jump" coverage="100%" />
                    <condition number="484" type="jump" coverage="100%" />
                  </conditions>
                </line>
                <line number="297" hits="4" branch="False" />
                <line number="298" hits="21" branch="True" condition-coverage="100% (4/4)">
                  <conditions>
                    <condition number="523" type="jump" coverage="100%" />
                    <condition number="506" type="jump" coverage="100%" />
                  </conditions>
                </line>
                <line number="300" hits="17" branch="False" />
                <line number="303" hits="4" branch="False" />
                <line number="304" hits="4" branch="False" />
                <line number="312" hits="9" branch="False" />
                <line number="316" hits="9" branch="False" />
                <line number="317" hits="9" branch="False" />
                <line number="318" hits="9" branch="False" />
              </lines>
            </method>
            <method name="&lt;TryMatchAtCurrentPosition&gt;g__UncaptureUntil|2_0" signature="(System.Int32)" line-rate="1" branch-rate="1" complexity="2">
              <lines>
                <line number="324" hits="12" branch="True" condition-coverage="100% (2/2)">
                  <conditions>
                    <condition number="15" type="jump" coverage="100%" />
                  </conditions>
                </line>
                <line number="326" hits="3" branch="False" />
                <line number="328" hits="9" branch="False" />
              </lines>
            </method>
          </methods>
          <lines>
            <line number="76" hits="18" branch="True" condition-coverage="66.66% (4/6)">
              <conditions>
                <condition number="60" type="jump" coverage="50%" />
                <condition number="36" type="jump" coverage="100%" />
                <condition number="45" type="jump" coverage="50%" />
              </conditions>
            </line>
            <line number="77" hits="18" branch="False" />
            <line number="78" hits="18" branch="False" />
            <line number="80" hits="0" branch="False" />
            <line number="81" hits="0" branch="True" condition-coverage="50% (1/2)">
              <conditions>
                <condition number="21" type="jump" coverage="50%" />
              </conditions>
            </line>
            <line number="83" hits="0" branch="False" />
            <line number="86" hits="18" branch="False" />
            <line number="93" hits="18" branch="False" />
            <line number="96" hits="18" branch="True" condition-coverage="100% (2/2)">
              <conditions>
                <condition number="17" type="jump" coverage="100%" />
              </conditions>
            </line>
            <line number="100" hits="9" branch="False" />
            <line number="101" hits="18" branch="True" condition-coverage="100% (2/2)">
              <conditions>
                <condition number="91" type="jump" coverage="100%" />
              </conditions>
            </line>
            <line number="103" hits="9" branch="True" condition-coverage="50% (2/4)">
              <conditions>
                <condition number="46" type="jump" coverage="50%" />
                <condition number="64" type="jump" coverage="50%" />
              </conditions>
            </line>
            <line number="104" hits="9" branch="False" />
            <line number="106" hits="9" branch="False" />
            <line number="107" hits="9" branch="False" />
            <line number="113" hits="9" branch="False" />
            <line number="114" hits="9" branch="False" />
            <line number="122" hits="9" branch="False" />
            <line number="123" hits="9" branch="False" />
            <line number="125" hits="9" branch="False" />
            <line number="126" hits="9" branch="False" />
            <line number="127" hits="9" branch="False" />
            <line number="128" hits="9" branch="False" />
            <line number="129" hits="9" branch="False" />
            <line number="130" hits="9" branch="False" />
            <line number="131" hits="9" branch="False" />
            <line number="132" hits="18" branch="False" />
            <line number="133" hits="9" branch="False" />
            <line number="137" hits="9" branch="False" />
            <line number="140" hits="9" branch="True" condition-coverage="50% (2/4)">
              <conditions>
                <condition number="55" type="jump" coverage="50%" />
                <condition number="71" type="jump" coverage="50%" />
              </conditions>
            </line>
            <line number="142" hits="0" branch="False" />
            <line number="143" hits="0" branch="False" />
            <line number="146" hits="9" branch="False" />
            <line number="147" hits="9" branch="False" />
            <line number="148" hits="9" branch="False" />
            <line number="153" hits="9" branch="False" />
            <line number="157" hits="9" branch="False" />
            <line number="158" hits="9" branch="False" />
            <line number="164" hits="9" branch="False" />
            <line number="166" hits="9" branch="False" />
            <line number="167" hits="19" branch="True" condition-coverage="100% (4/4)">
              <conditions>
                <condition number="160" type="jump" coverage="100%" />
                <condition number="143" type="jump" coverage="100%" />
              </conditions>
            </line>
            <line number="169" hits="10" branch="False" />
            <line number="172" hits="9" branch="True" condition-coverage="100% (2/2)">
              <conditions>
                <condition number="164" type="jump" coverage="100%" />
              </conditions>
            </line>
            <line number="177" hits="3" branch="False" />
            <line number="178" hits="3" branch="False" />
            <line number="180" hits="3" branch="False" />
            <line number="181" hits="3" branch="False" />
            <line number="182" hits="3" branch="False" />
            <line number="185" hits="3" branch="False" />
            <line number="187" hits="3" branch="True" condition-coverage="50% (1/2)">
              <conditions>
                <condition number="206" type="jump" coverage="50%" />
              </conditions>
            </line>
            <line number="189" hits="0" branch="False" />
            <line number="192" hits="3" branch="True" condition-coverage="100% (2/2)">
              <conditions>
                <condition number="218" type="jump" coverage="100%" />
              </conditions>
            </line>
            <line number="196" hits="3" branch="False" />
            <line number="197" hits="3" branch="False" />
            <line number="200" hits="6" branch="False" />
            <line number="203" hits="6" branch="False" />
            <line number="204" hits="6" branch="False" />
            <line number="207" hits="6" branch="False" />
            <line number="208" hits="6" branch="False" />
            <line number="209" hits="6" branch="False" />
            <line number="216" hits="6" branch="False" />
            <line number="217" hits="42" branch="True" condition-coverage="100% (4/4)">
              <conditions>
                <condition number="330" type="jump" coverage="100%" />
                <condition number="294" type="jump" coverage="100%" />
              </conditions>
            </line>
            <line number="219" hits="36" branch="False" />
            <line number="222" hits="6" branch="True" condition-coverage="50% (1/2)">
              <conditions>
                <condition number="334" type="jump" coverage="50%" />
              </conditions>
            </line>
            <line number="224" hits="0" branch="False" />
            <line number="225" hits="0" branch="False" />
            <line number="228" hits="6" branch="False" />
            <line number="229" hits="6" branch="False" />
            <line number="232" hits="6" branch="False" />
            <line number="233" hits="6" branch="False" />
            <line number="237" hits="3" branch="True" condition-coverage="50% (1/2)">
              <conditions>
                <condition number="370" type="jump" coverage="50%" />
              </conditions>
            </line>
            <line number="239" hits="0" branch="True" condition-coverage="50% (2/4)">
              <conditions>
                <condition number="379" type="jump" coverage="50%" />
                <condition number="386" type="jump" coverage="50%" />
              </conditions>
            </line>
            <line number="247" hits="0" branch="False" />
            <line number="248" hits="0" branch="False" />
            <line number="254" hits="12" branch="False" />
            <line number="266" hits="12" branch="False" />
            <line number="270" hits="12" branch="False" />
            <line number="275" hits="12" branch="True" condition-coverage="83.33% (5/6)">
              <conditions>
                <condition number="423" type="jump" coverage="100%" />
                <condition number="433" type="jump" coverage="50%" />
                <condition number="446" type="jump" coverage="100%" />
              </conditions>
            </line>
            <line number="283" hits="7" branch="False" />
            <line number="284" hits="7" branch="False" />
            <line number="290" hits="7" branch="True" condition-coverage="100% (4/4)">
              <conditions>
                <condition number="468" type="jump" coverage="100%" />
                <condition number="484" type="jump" coverage="100%" />
              </conditions>
            </line>
            <line number="297" hits="4" branch="False" />
            <line number="298" hits="21" branch="True" condition-coverage="100% (4/4)">
              <conditions>
                <condition number="523" type="jump" coverage="100%" />
                <condition number="506" type="jump" coverage="100%" />
              </conditions>
            </line>
            <line number="300" hits="17" branch="False" />
            <line number="303" hits="4" branch="False" />
            <line number="304" hits="4" branch="False" />
            <line number="312" hits="9" branch="False" />
            <line number="316" hits="9" branch="False" />
            <line number="317" hits="9" branch="False" />
            <line number="318" hits="9" branch="False" />
            <line number="324" hits="12" branch="True" condition-coverage="100% (2/2)">
              <conditions>
                <condition number="15" type="jump" coverage="100%" />
              </conditions>
            </line>
            <line number="326" hits="3" branch="False" />
            <line number="328" hits="9" branch="False" />
          </lines>
        </class>
        <class name="System.Text.RegularExpressions.Generated.&lt;RegexGenerator_g&gt;F74B1AE921BCEFE4BA601AA541C7A23B1CA9711EA81E8FE504B5B6446748E035A__Utilities" filename="System.Text.RegularExpressions.Generator\System.Text.RegularExpressions.Generator.RegexGenerator\RegexGenerator.g.cs" line-rate="0.909" branch-rate="0.2" complexity="10">
          <methods>
            <method name="IsWordChar" signature="(System.Char)" line-rate="0.9" branch-rate="0.125" complexity="8">
              <lines>
                <line number="350" hits="17" branch="False" />
                <line number="351" hits="17" branch="False" />
                <line number="352" hits="17" branch="False" />
                <line number="353" hits="17" branch="False" />
                <line number="354" hits="17" branch="False" />
                <line number="357" hits="17" branch="False" />
                <line number="358" hits="17" branch="True" condition-coverage="12.5% (1/8)">
                  <conditions>
                    <condition number="25" type="jump" coverage="50%" />
                    <condition number="62" type="jump" coverage="0%" />
                    <condition number="67" type="jump" coverage="0%" />
                    <condition number="73" type="jump" coverage="0%" />
                  </conditions>
                </line>
                <line number="359" hits="17" branch="False" />
                <line number="360" hits="17" branch="False" />
                <line number="361" hits="17" branch="False" />
                <line number="362" hits="17" branch="False" />
                <line number="363" hits="17" branch="False" />
                <line number="364" hits="17" branch="False" />
                <line number="365" hits="17" branch="False" />
                <line number="366" hits="17" branch="False" />
                <line number="367" hits="17" branch="False" />
                <line number="368" hits="17" branch="False" />
                <line number="369" hits="0" branch="False" />
                <line number="370" hits="0" branch="False" />
                <line number="371" hits="17" branch="False" />
              </lines>
            </method>
            <method name=".cctor" signature="()" line-rate="1" branch-rate="0.5" complexity="2">
              <lines>
                <line number="340" hits="1" branch="True" condition-coverage="50% (1/2)">
                  <conditions>
                    <condition number="17" type="jump" coverage="50%" />
                  </conditions>
                </line>
                <line number="343" hits="1" branch="False" />
              </lines>
            </method>
          </methods>
          <lines>
            <line number="350" hits="17" branch="False" />
            <line number="351" hits="17" branch="False" />
            <line number="352" hits="17" branch="False" />
            <line number="353" hits="17" branch="False" />
            <line number="354" hits="17" branch="False" />
            <line number="357" hits="17" branch="False" />
            <line number="358" hits="17" branch="True" condition-coverage="12.5% (1/8)">
              <conditions>
                <condition number="25" type="jump" coverage="50%" />
                <condition number="62" type="jump" coverage="0%" />
                <condition number="67" type="jump" coverage="0%" />
                <condition number="73" type="jump" coverage="0%" />
              </conditions>
            </line>
            <line number="359" hits="17" branch="False" />
            <line number="360" hits="17" branch="False" />
            <line number="361" hits="17" branch="False" />
            <line number="362" hits="17" branch="False" />
            <line number="363" hits="17" branch="False" />
            <line number="364" hits="17" branch="False" />
            <line number="365" hits="17" branch="False" />
            <line number="366" hits="17" branch="False" />
            <line number="367" hits="17" branch="False" />
            <line number="368" hits="17" branch="False" />
            <line number="369" hits="0" branch="False" />
            <line number="370" hits="0" branch="False" />
            <line number="371" hits="17" branch="False" />
            <line number="340" hits="1" branch="True" condition-coverage="50% (1/2)">
              <conditions>
                <condition number="17" type="jump" coverage="50%" />
              </conditions>
            </line>
            <line number="343" hits="1" branch="False" />
          </lines>
        </class>
        <class name="Butters.Extensions.String.StringExtensions" filename="System.Text.RegularExpressions.Generator\System.Text.RegularExpressions.Generator.RegexGenerator\RegexGenerator.g.cs" line-rate="1" branch-rate="1" complexity="1">
          <methods>
            <method name="RegexToCamelCaseUpper" signature="()" line-rate="1" branch-rate="1" complexity="1">
              <lines>
                <line number="29" hits="9" branch="False" />
              </lines>
            </method>
          </methods>
          <lines>
            <line number="29" hits="9" branch="False" />
          </lines>
        </class>
        <class name="Butters.Extensions.String.StringExtensions" filename="StringExtension.cs" line-rate="0.8769" branch-rate="0.5882000000000001" complexity="77">
          <methods>
            <method name="ToByte" signature="(System.String)" line-rate="1" branch-rate="1" complexity="1">
              <lines>
                <line number="17" hits="1" branch="False" />
              </lines>
            </method>
            <method name="ToBoolean" signature="(System.String)" line-rate="0.8665999999999999" branch-rate="0.675" complexity="40">
              <lines>
                <line number="21" hits="10" branch="True" condition-coverage="50% (1/2)">
                  <conditions>
                    <condition number="6" type="jump" coverage="50%" />
                  </conditions>
                </line>
                <line number="22" hits="0" branch="False" />
                <line number="24" hits="10" branch="False" />
                <line number="25" hits="10" branch="True" condition-coverage="68.42% (26/38)">
                  <conditions>
                    <condition number="55" type="jump" coverage="100%" />
                    <condition number="63" type="jump" coverage="100%" />
                    <condition number="71" type="jump" coverage="100%" />
                    <condition number="95" type="jump" coverage="100%" />
                    <condition number="119" type="jump" coverage="100%" />
                    <condition number="127" type="jump" coverage="100%" />
                    <condition number="148" type="jump" coverage="100%" />
                    <condition number="106" type="jump" coverage="50%" />
                    <condition number="135" type="jump" coverage="50%" />
                    <condition number="79" type="jump" coverage="50%" />
                    <condition number="156" type="jump" coverage="50%" />
                    <condition number="174" type="jump" coverage="50%" />
                    <condition number="192" type="jump" coverage="50%" />
                    <condition number="207" type="jump" coverage="50%" />
                    <condition number="222" type="jump" coverage="50%" />
                    <condition number="237" type="jump" coverage="50%" />
                    <condition number="252" type="jump" coverage="50%" />
                    <condition number="267" type="jump" coverage="50%" />
                    <condition number="282" type="jump" coverage="50%" />
                  </conditions>
                </line>
                <line number="26" hits="10" branch="False" />
                <line number="27" hits="2" branch="False" />
                <line number="28" hits="1" branch="False" />
                <line number="29" hits="1" branch="False" />
                <line number="30" hits="1" branch="False" />
                <line number="31" hits="2" branch="False" />
                <line number="32" hits="1" branch="False" />
                <line number="33" hits="1" branch="False" />
                <line number="34" hits="1" branch="False" />
                <line number="35" hits="0" branch="False" />
                <line number="36" hits="10" branch="False" />
              </lines>
            </method>
            <method name="ToShort" signature="(System.String)" line-rate="1" branch-rate="0.5" complexity="2">
              <lines>
                <line number="40" hits="6" branch="True" condition-coverage="50% (1/2)">
                  <conditions>
                    <condition number="8" type="jump" coverage="50%" />
                  </conditions>
                </line>
                <line number="41" hits="6" branch="False" />
                <line number="42" hits="6" branch="False" />
              </lines>
            </method>
            <method name="ToInt16" signature="(System.String)" line-rate="1" branch-rate="1" complexity="1">
              <lines>
                <line number="44" hits="3" branch="False" />
              </lines>
            </method>
            <method name="ToInt" signature="(System.String)" line-rate="1" branch-rate="0.5" complexity="2">
              <lines>
                <line number="47" hits="4" branch="True" condition-coverage="50% (1/2)">
                  <conditions>
                    <condition number="8" type="jump" coverage="50%" />
                  </conditions>
                </line>
                <line number="48" hits="4" branch="False" />
                <line number="49" hits="4" branch="False" />
              </lines>
            </method>
            <method name="ToInt32" signature="(System.String)" line-rate="1" branch-rate="1" complexity="1">
              <lines>
                <line number="51" hits="1" branch="False" />
              </lines>
            </method>
            <method name="ToLong" signature="(System.String)" line-rate="1" branch-rate="0.5" complexity="2">
              <lines>
                <line number="54" hits="4" branch="True" condition-coverage="50% (1/2)">
                  <conditions>
                    <condition number="8" type="jump" coverage="50%" />
                  </conditions>
                </line>
                <line number="55" hits="4" branch="False" />
                <line number="56" hits="4" branch="False" />
              </lines>
            </method>
            <method name="ToInt64" signature="(System.String)" line-rate="1" branch-rate="1" complexity="1">
              <lines>
                <line number="58" hits="1" branch="False" />
              </lines>
            </method>
            <method name="ToFloat" signature="(System.String)" line-rate="1" branch-rate="0.5" complexity="2">
              <lines>
                <line number="61" hits="4" branch="True" condition-coverage="50% (1/2)">
                  <conditions>
                    <condition number="8" type="jump" coverage="50%" />
                  </conditions>
                </line>
                <line number="62" hits="4" branch="False" />
                <line number="63" hits="4" branch="False" />
              </lines>
            </method>
            <method name="ToSingle" signature="(System.String)" line-rate="1" branch-rate="1" complexity="1">
              <lines>
                <line number="65" hits="1" branch="False" />
              </lines>
            </method>
            <method name="ToDouble" signature="(System.String)" line-rate="1" branch-rate="0.5" complexity="2">
              <lines>
                <line number="68" hits="3" branch="True" condition-coverage="50% (1/2)">
                  <conditions>
                    <condition number="8" type="jump" coverage="50%" />
                  </conditions>
                </line>
                <line number="69" hits="3" branch="False" />
                <line number="70" hits="3" branch="False" />
              </lines>
            </method>
            <method name="ToDecimal" signature="(System.String)" line-rate="1" branch-rate="0.5" complexity="2">
              <lines>
                <line number="73" hits="1" branch="True" condition-coverage="50% (1/2)">
                  <conditions>
                    <condition number="8" type="jump" coverage="50%" />
                  </conditions>
                </line>
                <line number="74" hits="1" branch="False" />
                <line number="75" hits="1" branch="False" />
              </lines>
            </method>
            <method name="ToDateTime" signature="(System.String,System.String)" line-rate="0" branch-rate="0" complexity="2">
              <lines>
                <line number="78" hits="0" branch="True" condition-coverage="0% (0/2)">
                  <conditions>
                    <condition number="15" type="jump" coverage="0%" />
                  </conditions>
                </line>
                <line number="79" hits="0" branch="False" />
                <line number="80" hits="0" branch="False" />
              </lines>
            </method>
            <method name="ToEnum" signature="(System.String,System.Boolean)" line-rate="1" branch-rate="1" complexity="2">
              <lines>
                <line number="83" hits="3" branch="True" condition-coverage="100% (2/2)">
                  <conditions>
                    <condition number="9" type="jump" coverage="100%" />
                  </conditions>
                </line>
                <line number="84" hits="3" branch="False" />
                <line number="85" hits="3" branch="False" />
              </lines>
            </method>
            <method name="ToObjectFromJson" signature="(System.String)" line-rate="1" branch-rate="1" complexity="1">
              <lines>
                <line number="87" hits="1" branch="False" />
              </lines>
            </method>
            <method name="ToSnakeCase" signature="(System.String)" line-rate="1" branch-rate="1" complexity="4">
              <lines>
                <line number="96" hits="32" branch="True" condition-coverage="100% (4/4)">
                  <conditions>
                    <condition number="2" type="jump" coverage="100%" />
                    <condition number="10" type="jump" coverage="100%" />
                  </conditions>
                </line>
              </lines>
            </method>
            <method name="ToCamelCaseLower" signature="(System.String)" line-rate="1" branch-rate="1" complexity="1">
              <lines>
                <line number="103" hits="9" branch="False" />
                <line number="105" hits="9" branch="False" />
                <line number="106" hits="9" branch="False" />
                <line number="107" hits="9" branch="False" />
                <line number="108" hits="9" branch="False" />
                <line number="110" hits="9" branch="False" />
                <line number="111" hits="10" branch="False" />
                <line number="112" hits="9" branch="False" />
                <line number="114" hits="9" branch="False" />
              </lines>
            </method>
            <method name="ToCamelCase" signature="(System.String)" line-rate="1" branch-rate="1" complexity="1">
              <lines>
                <line number="117" hits="1" branch="False" />
              </lines>
            </method>
            <method name="ToCamelCaseUpper" signature="(System.String)" line-rate="1" branch-rate="0.5" complexity="2">
              <lines>
                <line number="123" hits="7" branch="False" />
                <line number="125" hits="7" branch="False" />
                <line number="126" hits="13" branch="False" />
                <line number="127" hits="7" branch="False" />
                <line number="129" hits="7" branch="True" condition-coverage="50% (1/2)">
                  <conditions>
                    <condition number="91" type="jump" coverage="50%" />
                  </conditions>
                </line>
              </lines>
            </method>
            <method name="ToFirstCharLowerCase" signature="(System.String)" line-rate="0" branch-rate="0" complexity="6">
              <lines>
                <line number="135" hits="0" branch="True" condition-coverage="0% (0/4)">
                  <conditions>
                    <condition number="6" type="jump" coverage="0%" />
                    <condition number="20" type="jump" coverage="0%" />
                  </conditions>
                </line>
                <line number="136" hits="0" branch="True" condition-coverage="0% (0/2)">
                  <conditions>
                    <condition number="29" type="jump" coverage="0%" />
                  </conditions>
                </line>
                <line number="138" hits="0" branch="False" />
              </lines>
            </method>
            <method name=".cctor" signature="()" line-rate="1" branch-rate="1" complexity="1">
              <lines>
                <line number="10" hits="1" branch="False" />
              </lines>
            </method>
          </methods>
          <lines>
            <line number="17" hits="1" branch="False" />
            <line number="21" hits="10" branch="True" condition-coverage="50% (1/2)">
              <conditions>
                <condition number="6" type="jump" coverage="50%" />
              </conditions>
            </line>
            <line number="22" hits="0" branch="False" />
            <line number="24" hits="10" branch="False" />
            <line number="25" hits="10" branch="True" condition-coverage="68.42% (26/38)">
              <conditions>
                <condition number="55" type="jump" coverage="100%" />
                <condition number="63" type="jump" coverage="100%" />
                <condition number="71" type="jump" coverage="100%" />
                <condition number="95" type="jump" coverage="100%" />
                <condition number="119" type="jump" coverage="100%" />
                <condition number="127" type="jump" coverage="100%" />
                <condition number="148" type="jump" coverage="100%" />
                <condition number="106" type="jump" coverage="50%" />
                <condition number="135" type="jump" coverage="50%" />
                <condition number="79" type="jump" coverage="50%" />
                <condition number="156" type="jump" coverage="50%" />
                <condition number="174" type="jump" coverage="50%" />
                <condition number="192" type="jump" coverage="50%" />
                <condition number="207" type="jump" coverage="50%" />
                <condition number="222" type="jump" coverage="50%" />
                <condition number="237" type="jump" coverage="50%" />
                <condition number="252" type="jump" coverage="50%" />
                <condition number="267" type="jump" coverage="50%" />
                <condition number="282" type="jump" coverage="50%" />
              </conditions>
            </line>
            <line number="26" hits="10" branch="False" />
            <line number="27" hits="2" branch="False" />
            <line number="28" hits="1" branch="False" />
            <line number="29" hits="1" branch="False" />
            <line number="30" hits="1" branch="False" />
            <line number="31" hits="2" branch="False" />
            <line number="32" hits="1" branch="False" />
            <line number="33" hits="1" branch="False" />
            <line number="34" hits="1" branch="False" />
            <line number="35" hits="0" branch="False" />
            <line number="36" hits="10" branch="False" />
            <line number="40" hits="6" branch="True" condition-coverage="50% (1/2)">
              <conditions>
                <condition number="8" type="jump" coverage="50%" />
              </conditions>
            </line>
            <line number="41" hits="6" branch="False" />
            <line number="42" hits="6" branch="False" />
            <line number="44" hits="3" branch="False" />
            <line number="47" hits="4" branch="True" condition-coverage="50% (1/2)">
              <conditions>
                <condition number="8" type="jump" coverage="50%" />
              </conditions>
            </line>
            <line number="48" hits="4" branch="False" />
            <line number="49" hits="4" branch="False" />
            <line number="51" hits="1" branch="False" />
            <line number="54" hits="4" branch="True" condition-coverage="50% (1/2)">
              <conditions>
                <condition number="8" type="jump" coverage="50%" />
              </conditions>
            </line>
            <line number="55" hits="4" branch="False" />
            <line number="56" hits="4" branch="False" />
            <line number="58" hits="1" branch="False" />
            <line number="61" hits="4" branch="True" condition-coverage="50% (1/2)">
              <conditions>
                <condition number="8" type="jump" coverage="50%" />
              </conditions>
            </line>
            <line number="62" hits="4" branch="False" />
            <line number="63" hits="4" branch="False" />
            <line number="65" hits="1" branch="False" />
            <line number="68" hits="3" branch="True" condition-coverage="50% (1/2)">
              <conditions>
                <condition number="8" type="jump" coverage="50%" />
              </conditions>
            </line>
            <line number="69" hits="3" branch="False" />
            <line number="70" hits="3" branch="False" />
            <line number="73" hits="1" branch="True" condition-coverage="50% (1/2)">
              <conditions>
                <condition number="8" type="jump" coverage="50%" />
              </conditions>
            </line>
            <line number="74" hits="1" branch="False" />
            <line number="75" hits="1" branch="False" />
            <line number="78" hits="0" branch="True" condition-coverage="0% (0/2)">
              <conditions>
                <condition number="15" type="jump" coverage="0%" />
              </conditions>
            </line>
            <line number="79" hits="0" branch="False" />
            <line number="80" hits="0" branch="False" />
            <line number="83" hits="3" branch="True" condition-coverage="100% (2/2)">
              <conditions>
                <condition number="9" type="jump" coverage="100%" />
              </conditions>
            </line>
            <line number="84" hits="3" branch="False" />
            <line number="85" hits="3" branch="False" />
            <line number="87" hits="1" branch="False" />
            <line number="96" hits="32" branch="True" condition-coverage="100% (4/4)">
              <conditions>
                <condition number="2" type="jump" coverage="100%" />
                <condition number="10" type="jump" coverage="100%" />
              </conditions>
            </line>
            <line number="103" hits="9" branch="False" />
            <line number="105" hits="9" branch="False" />
            <line number="106" hits="9" branch="False" />
            <line number="107" hits="9" branch="False" />
            <line number="108" hits="9" branch="False" />
            <line number="110" hits="9" branch="False" />
            <line number="111" hits="10" branch="False" />
            <line number="112" hits="9" branch="False" />
            <line number="114" hits="9" branch="False" />
            <line number="117" hits="1" branch="False" />
            <line number="123" hits="7" branch="False" />
            <line number="125" hits="7" branch="False" />
            <line number="126" hits="13" branch="False" />
            <line number="127" hits="7" branch="False" />
            <line number="129" hits="7" branch="True" condition-coverage="50% (1/2)">
              <conditions>
                <condition number="91" type="jump" coverage="50%" />
              </conditions>
            </line>
            <line number="135" hits="0" branch="True" condition-coverage="0% (0/4)">
              <conditions>
                <condition number="6" type="jump" coverage="0%" />
                <condition number="20" type="jump" coverage="0%" />
              </conditions>
            </line>
            <line number="136" hits="0" branch="True" condition-coverage="0% (0/2)">
              <conditions>
                <condition number="29" type="jump" coverage="0%" />
              </conditions>
            </line>
            <line number="138" hits="0" branch="False" />
            <line number="10" hits="1" branch="False" />
          </lines>
        </class>
      </classes>
    </package>
  </packages>
</coverage>